mode: set
github.com/titusdishon/simple_bank/token/jwt_maker.go:17.51,18.39 1 1
github.com/titusdishon/simple_bank/token/jwt_maker.go:22.2,22.34 1 1
github.com/titusdishon/simple_bank/token/jwt_maker.go:18.39,20.3 1 0
github.com/titusdishon/simple_bank/token/jwt_maker.go:25.93,27.16 2 1
github.com/titusdishon/simple_bank/token/jwt_maker.go:31.2,32.55 2 1
github.com/titusdishon/simple_bank/token/jwt_maker.go:27.16,29.3 1 0
github.com/titusdishon/simple_bank/token/jwt_maker.go:36.68,37.57 1 1
github.com/titusdishon/simple_bank/token/jwt_maker.go:45.2,46.16 2 1
github.com/titusdishon/simple_bank/token/jwt_maker.go:53.2,54.9 2 1
github.com/titusdishon/simple_bank/token/jwt_maker.go:57.2,57.21 1 1
github.com/titusdishon/simple_bank/token/jwt_maker.go:37.57,39.10 2 1
github.com/titusdishon/simple_bank/token/jwt_maker.go:42.3,42.38 1 1
github.com/titusdishon/simple_bank/token/jwt_maker.go:39.10,41.4 1 1
github.com/titusdishon/simple_bank/token/jwt_maker.go:46.16,48.53 2 1
github.com/titusdishon/simple_bank/token/jwt_maker.go:51.3,51.32 1 1
github.com/titusdishon/simple_bank/token/jwt_maker.go:48.53,50.4 1 1
github.com/titusdishon/simple_bank/token/jwt_maker.go:54.9,56.3 1 0
github.com/titusdishon/simple_bank/token/paseto_maker.go:16.57,17.51 1 1
github.com/titusdishon/simple_bank/token/paseto_maker.go:22.2,26.19 2 1
github.com/titusdishon/simple_bank/token/paseto_maker.go:17.51,20.3 1 0
github.com/titusdishon/simple_bank/token/paseto_maker.go:29.96,31.16 2 1
github.com/titusdishon/simple_bank/token/paseto_maker.go:35.2,35.63 1 1
github.com/titusdishon/simple_bank/token/paseto_maker.go:31.16,33.3 1 0
github.com/titusdishon/simple_bank/token/paseto_maker.go:38.71,41.16 3 1
github.com/titusdishon/simple_bank/token/paseto_maker.go:45.2,46.16 2 1
github.com/titusdishon/simple_bank/token/paseto_maker.go:49.2,49.21 1 1
github.com/titusdishon/simple_bank/token/paseto_maker.go:41.16,43.3 1 0
github.com/titusdishon/simple_bank/token/paseto_maker.go:46.16,48.3 1 1
github.com/titusdishon/simple_bank/token/payload.go:22.76,24.16 2 1
github.com/titusdishon/simple_bank/token/payload.go:27.2,33.21 2 1
github.com/titusdishon/simple_bank/token/payload.go:24.16,26.3 1 0
github.com/titusdishon/simple_bank/token/payload.go:36.39,37.41 1 1
github.com/titusdishon/simple_bank/token/payload.go:40.2,40.12 1 1
github.com/titusdishon/simple_bank/token/payload.go:37.41,39.3 1 1
github.com/titusdishon/simple_bank/util/config.go:17.70,24.16 6 0
github.com/titusdishon/simple_bank/util/config.go:27.2,28.8 2 0
github.com/titusdishon/simple_bank/util/config.go:24.16,26.3 1 0
github.com/titusdishon/simple_bank/util/currency.go:9.48,10.18 1 0
github.com/titusdishon/simple_bank/util/currency.go:14.2,14.14 1 0
github.com/titusdishon/simple_bank/util/currency.go:11.21,12.14 1 0
github.com/titusdishon/simple_bank/util/password.go:9.54,11.16 2 1
github.com/titusdishon/simple_bank/util/password.go:15.2,15.36 1 1
github.com/titusdishon/simple_bank/util/password.go:11.16,13.3 1 0
github.com/titusdishon/simple_bank/util/password.go:18.66,20.2 1 1
github.com/titusdishon/simple_bank/util/random.go:13.13,15.2 1 1
github.com/titusdishon/simple_bank/util/random.go:17.38,19.2 1 0
github.com/titusdishon/simple_bank/util/random.go:20.31,23.25 3 1
github.com/titusdishon/simple_bank/util/random.go:27.2,27.20 1 1
github.com/titusdishon/simple_bank/util/random.go:23.25,26.3 2 1
github.com/titusdishon/simple_bank/util/random.go:30.27,32.2 1 0
github.com/titusdishon/simple_bank/util/random.go:34.27,36.2 1 0
github.com/titusdishon/simple_bank/util/random.go:38.30,42.2 3 0
github.com/titusdishon/simple_bank/util/random.go:44.27,46.2 1 0
github.com/titusdishon/simple_bank/util/random.go:48.33,50.2 1 0
github.com/titusdishon/simple_bank/api/user.go:31.49,40.2 1 1
github.com/titusdishon/simple_bank/api/user.go:42.52,44.49 2 1
github.com/titusdishon/simple_bank/api/user.go:49.2,50.16 2 1
github.com/titusdishon/simple_bank/api/user.go:55.2,64.16 3 1
github.com/titusdishon/simple_bank/api/user.go:76.2,77.31 2 1
github.com/titusdishon/simple_bank/api/user.go:44.49,47.3 2 1
github.com/titusdishon/simple_bank/api/user.go:50.16,53.3 2 0
github.com/titusdishon/simple_bank/api/user.go:64.16,65.39 1 1
github.com/titusdishon/simple_bank/api/user.go:72.3,73.9 2 1
github.com/titusdishon/simple_bank/api/user.go:65.39,66.29 1 1
github.com/titusdishon/simple_bank/api/user.go:67.28,69.11 2 1
github.com/titusdishon/simple_bank/api/user.go:90.51,92.49 2 0
github.com/titusdishon/simple_bank/api/user.go:96.2,97.16 2 0
github.com/titusdishon/simple_bank/api/user.go:105.2,106.16 2 0
github.com/titusdishon/simple_bank/api/user.go:111.2,115.16 2 0
github.com/titusdishon/simple_bank/api/user.go:120.2,124.31 2 0
github.com/titusdishon/simple_bank/api/user.go:92.49,95.3 2 0
github.com/titusdishon/simple_bank/api/user.go:97.16,98.27 1 0
github.com/titusdishon/simple_bank/api/user.go:102.3,103.9 2 0
github.com/titusdishon/simple_bank/api/user.go:98.27,101.4 2 0
github.com/titusdishon/simple_bank/api/user.go:106.16,109.3 2 0
github.com/titusdishon/simple_bank/api/user.go:115.16,118.3 2 0
github.com/titusdishon/simple_bank/api/validators.go:8.79,9.65 1 1
github.com/titusdishon/simple_bank/api/validators.go:12.2,12.14 1 0
github.com/titusdishon/simple_bank/api/validators.go:9.65,11.3 1 1
github.com/titusdishon/simple_bank/api/account.go:18.55,20.49 2 1
github.com/titusdishon/simple_bank/api/account.go:24.2,32.16 4 1
github.com/titusdishon/simple_bank/api/account.go:43.2,43.34 1 1
github.com/titusdishon/simple_bank/api/account.go:20.49,23.3 2 1
github.com/titusdishon/simple_bank/api/account.go:32.16,33.39 1 1
github.com/titusdishon/simple_bank/api/account.go:40.3,41.9 2 1
github.com/titusdishon/simple_bank/api/account.go:33.39,34.29 1 0
github.com/titusdishon/simple_bank/api/account.go:35.53,37.11 2 0
github.com/titusdishon/simple_bank/api/account.go:50.52,52.48 2 1
github.com/titusdishon/simple_bank/api/account.go:56.2,57.16 2 1
github.com/titusdishon/simple_bank/api/account.go:65.2,66.43 2 1
github.com/titusdishon/simple_bank/api/account.go:71.2,71.34 1 1
github.com/titusdishon/simple_bank/api/account.go:52.48,55.3 2 1
github.com/titusdishon/simple_bank/api/account.go:57.16,58.27 1 1
github.com/titusdishon/simple_bank/api/account.go:62.3,63.9 2 1
github.com/titusdishon/simple_bank/api/account.go:58.27,61.4 2 1
github.com/titusdishon/simple_bank/api/account.go:66.43,70.3 3 1
github.com/titusdishon/simple_bank/api/account.go:79.54,81.50 2 1
github.com/titusdishon/simple_bank/api/account.go:85.2,94.16 4 1
github.com/titusdishon/simple_bank/api/account.go:98.2,98.35 1 1
github.com/titusdishon/simple_bank/api/account.go:81.50,84.3 2 1
github.com/titusdishon/simple_bank/api/account.go:94.16,97.3 2 1
github.com/titusdishon/simple_bank/api/account.go:108.55,111.56 3 0
github.com/titusdishon/simple_bank/api/account.go:115.2,115.50 1 0
github.com/titusdishon/simple_bank/api/account.go:119.2,120.16 2 0
github.com/titusdishon/simple_bank/api/account.go:129.2,134.52 3 0
github.com/titusdishon/simple_bank/api/account.go:139.2,140.16 2 0
github.com/titusdishon/simple_bank/api/account.go:144.2,144.34 1 0
github.com/titusdishon/simple_bank/api/account.go:111.56,114.3 2 0
github.com/titusdishon/simple_bank/api/account.go:115.50,118.3 2 0
github.com/titusdishon/simple_bank/api/account.go:120.16,121.27 1 0
github.com/titusdishon/simple_bank/api/account.go:125.3,126.9 2 0
github.com/titusdishon/simple_bank/api/account.go:121.27,124.4 2 0
github.com/titusdishon/simple_bank/api/account.go:134.52,138.3 3 0
github.com/titusdishon/simple_bank/api/account.go:140.16,143.3 2 0
github.com/titusdishon/simple_bank/api/middleware.go:19.61,20.32 1 1
github.com/titusdishon/simple_bank/api/middleware.go:20.32,22.36 2 1
github.com/titusdishon/simple_bank/api/middleware.go:28.3,29.22 2 1
github.com/titusdishon/simple_bank/api/middleware.go:35.3,36.51 2 1
github.com/titusdishon/simple_bank/api/middleware.go:42.3,44.17 3 1
github.com/titusdishon/simple_bank/api/middleware.go:48.3,49.13 2 1
github.com/titusdishon/simple_bank/api/middleware.go:22.36,27.4 3 1
github.com/titusdishon/simple_bank/api/middleware.go:29.22,34.4 3 1
github.com/titusdishon/simple_bank/api/middleware.go:36.51,41.4 3 1
github.com/titusdishon/simple_bank/api/middleware.go:44.17,47.4 2 1
github.com/titusdishon/simple_bank/api/server.go:23.68,26.16 2 1
github.com/titusdishon/simple_bank/api/server.go:29.2,34.67 2 1
github.com/titusdishon/simple_bank/api/server.go:37.2,38.20 2 1
github.com/titusdishon/simple_bank/api/server.go:26.16,28.3 1 0
github.com/titusdishon/simple_bank/api/server.go:34.67,36.3 1 1
github.com/titusdishon/simple_bank/api/server.go:41.37,56.2 10 1
github.com/titusdishon/simple_bank/api/server.go:57.37,59.2 1 1
github.com/titusdishon/simple_bank/api/server.go:61.51,63.2 1 0
github.com/titusdishon/simple_bank/api/transfer.go:21.56,23.49 2 0
github.com/titusdishon/simple_bank/api/transfer.go:27.2,28.12 2 0
github.com/titusdishon/simple_bank/api/transfer.go:31.2,33.47 2 0
github.com/titusdishon/simple_bank/api/transfer.go:38.2,40.12 2 0
github.com/titusdishon/simple_bank/api/transfer.go:43.2,49.16 3 0
github.com/titusdishon/simple_bank/api/transfer.go:53.2,53.33 1 0
github.com/titusdishon/simple_bank/api/transfer.go:23.49,26.3 2 0
github.com/titusdishon/simple_bank/api/transfer.go:28.12,30.3 1 0
github.com/titusdishon/simple_bank/api/transfer.go:33.47,37.3 3 0
github.com/titusdishon/simple_bank/api/transfer.go:40.12,42.3 1 0
github.com/titusdishon/simple_bank/api/transfer.go:49.16,52.3 2 0
github.com/titusdishon/simple_bank/api/transfer.go:56.107,58.16 2 0
github.com/titusdishon/simple_bank/api/transfer.go:66.2,66.34 1 0
github.com/titusdishon/simple_bank/api/transfer.go:71.2,71.22 1 0
github.com/titusdishon/simple_bank/api/transfer.go:58.16,59.27 1 0
github.com/titusdishon/simple_bank/api/transfer.go:63.3,64.24 2 0
github.com/titusdishon/simple_bank/api/transfer.go:59.27,62.4 2 0
github.com/titusdishon/simple_bank/api/transfer.go:66.34,70.3 3 0
github.com/titusdishon/simple_bank/db/sqlc/account.sql.go:24.104,35.2 4 1
github.com/titusdishon/simple_bank/db/sqlc/account.sql.go:54.96,65.2 4 1
github.com/titusdishon/simple_bank/db/sqlc/account.sql.go:72.70,75.2 2 1
github.com/titusdishon/simple_bank/db/sqlc/account.sql.go:82.78,93.2 4 1
github.com/titusdishon/simple_bank/db/sqlc/account.sql.go:101.87,112.2 4 0
github.com/titusdishon/simple_bank/db/sqlc/account.sql.go:128.96,130.16 2 1
github.com/titusdishon/simple_bank/db/sqlc/account.sql.go:133.2,135.18 3 1
github.com/titusdishon/simple_bank/db/sqlc/account.sql.go:148.2,148.37 1 1
github.com/titusdishon/simple_bank/db/sqlc/account.sql.go:151.2,151.35 1 1
github.com/titusdishon/simple_bank/db/sqlc/account.sql.go:154.2,154.19 1 1
github.com/titusdishon/simple_bank/db/sqlc/account.sql.go:130.16,132.3 1 0
github.com/titusdishon/simple_bank/db/sqlc/account.sql.go:135.18,143.17 2 1
github.com/titusdishon/simple_bank/db/sqlc/account.sql.go:146.3,146.27 1 1
github.com/titusdishon/simple_bank/db/sqlc/account.sql.go:143.17,145.4 1 0
github.com/titusdishon/simple_bank/db/sqlc/account.sql.go:148.37,150.3 1 0
github.com/titusdishon/simple_bank/db/sqlc/account.sql.go:151.35,153.3 1 0
github.com/titusdishon/simple_bank/db/sqlc/account.sql.go:169.96,180.2 4 1
github.com/titusdishon/simple_bank/db/sqlc/db.go:19.28,21.2 1 1
github.com/titusdishon/simple_bank/db/sqlc/db.go:27.47,31.2 1 0
github.com/titusdishon/simple_bank/db/sqlc/entries.sql.go:27.90,37.2 4 1
github.com/titusdishon/simple_bank/db/sqlc/entries.sql.go:44.74,54.2 4 1
github.com/titusdishon/simple_bank/db/sqlc/entries.sql.go:68.92,70.16 2 1
github.com/titusdishon/simple_bank/db/sqlc/entries.sql.go:73.2,75.18 3 1
github.com/titusdishon/simple_bank/db/sqlc/entries.sql.go:87.2,87.37 1 1
github.com/titusdishon/simple_bank/db/sqlc/entries.sql.go:90.2,90.35 1 1
github.com/titusdishon/simple_bank/db/sqlc/entries.sql.go:93.2,93.19 1 1
github.com/titusdishon/simple_bank/db/sqlc/entries.sql.go:70.16,72.3 1 0
github.com/titusdishon/simple_bank/db/sqlc/entries.sql.go:75.18,82.17 2 1
github.com/titusdishon/simple_bank/db/sqlc/entries.sql.go:85.3,85.27 1 1
github.com/titusdishon/simple_bank/db/sqlc/entries.sql.go:82.17,84.4 1 0
github.com/titusdishon/simple_bank/db/sqlc/entries.sql.go:87.37,89.3 1 0
github.com/titusdishon/simple_bank/db/sqlc/entries.sql.go:90.35,92.3 1 0
github.com/titusdishon/simple_bank/db/sqlc/entries.sql.go:108.90,118.2 4 1
github.com/titusdishon/simple_bank/db/sqlc/store.go:22.33,27.2 1 1
github.com/titusdishon/simple_bank/db/sqlc/store.go:29.83,31.16 2 1
github.com/titusdishon/simple_bank/db/sqlc/store.go:34.2,36.16 3 1
github.com/titusdishon/simple_bank/db/sqlc/store.go:42.2,42.20 1 1
github.com/titusdishon/simple_bank/db/sqlc/store.go:31.16,33.3 1 0
github.com/titusdishon/simple_bank/db/sqlc/store.go:36.16,37.43 1 0
github.com/titusdishon/simple_bank/db/sqlc/store.go:40.3,40.13 1 0
github.com/titusdishon/simple_bank/db/sqlc/store.go:37.43,39.4 1 0
github.com/titusdishon/simple_bank/db/sqlc/store.go:59.104,61.50 2 1
github.com/titusdishon/simple_bank/db/sqlc/store.go:96.2,96.20 1 1
github.com/titusdishon/simple_bank/db/sqlc/store.go:61.50,68.17 3 1
github.com/titusdishon/simple_bank/db/sqlc/store.go:71.3,76.17 2 1
github.com/titusdishon/simple_bank/db/sqlc/store.go:79.3,83.17 2 1
github.com/titusdishon/simple_bank/db/sqlc/store.go:87.3,87.42 1 1
github.com/titusdishon/simple_bank/db/sqlc/store.go:94.3,94.13 1 1
github.com/titusdishon/simple_bank/db/sqlc/store.go:68.17,70.4 1 0
github.com/titusdishon/simple_bank/db/sqlc/store.go:76.17,78.4 1 0
github.com/titusdishon/simple_bank/db/sqlc/store.go:83.17,85.4 1 0
github.com/titusdishon/simple_bank/db/sqlc/store.go:87.42,89.4 1 1
github.com/titusdishon/simple_bank/db/sqlc/store.go:89.9,93.4 1 1
github.com/titusdishon/simple_bank/db/sqlc/store.go:107.51,112.16 2 1
github.com/titusdishon/simple_bank/db/sqlc/store.go:115.2,119.16 2 1
github.com/titusdishon/simple_bank/db/sqlc/store.go:122.2,122.8 1 1
github.com/titusdishon/simple_bank/db/sqlc/store.go:112.16,114.3 1 0
github.com/titusdishon/simple_bank/db/sqlc/store.go:119.16,121.3 1 0
github.com/titusdishon/simple_bank/db/sqlc/transfers.sql.go:29.99,40.2 4 1
github.com/titusdishon/simple_bank/db/sqlc/transfers.sql.go:47.80,58.2 4 1
github.com/titusdishon/simple_bank/db/sqlc/transfers.sql.go:72.99,74.16 2 1
github.com/titusdishon/simple_bank/db/sqlc/transfers.sql.go:77.2,79.18 3 1
github.com/titusdishon/simple_bank/db/sqlc/transfers.sql.go:92.2,92.37 1 1
github.com/titusdishon/simple_bank/db/sqlc/transfers.sql.go:95.2,95.35 1 1
github.com/titusdishon/simple_bank/db/sqlc/transfers.sql.go:98.2,98.19 1 1
github.com/titusdishon/simple_bank/db/sqlc/transfers.sql.go:74.16,76.3 1 0
github.com/titusdishon/simple_bank/db/sqlc/transfers.sql.go:79.18,87.17 2 1
github.com/titusdishon/simple_bank/db/sqlc/transfers.sql.go:90.3,90.27 1 1
github.com/titusdishon/simple_bank/db/sqlc/transfers.sql.go:87.17,89.4 1 0
github.com/titusdishon/simple_bank/db/sqlc/transfers.sql.go:92.37,94.3 1 0
github.com/titusdishon/simple_bank/db/sqlc/transfers.sql.go:95.35,97.3 1 0
github.com/titusdishon/simple_bank/db/sqlc/user.sql.go:33.87,52.2 4 1
github.com/titusdishon/simple_bank/db/sqlc/user.sql.go:59.79,72.2 4 1
