mode: set
github.com/titusdishon/simple_bank/api/server.go:15.39,27.2 8 1
github.com/titusdishon/simple_bank/api/server.go:29.37,31.2 1 1
github.com/titusdishon/simple_bank/api/server.go:33.51,35.2 1 0
github.com/titusdishon/simple_bank/api/account.go:16.55,18.49 2 1
github.com/titusdishon/simple_bank/api/account.go:22.2,28.16 3 1
github.com/titusdishon/simple_bank/api/account.go:32.2,32.34 1 1
github.com/titusdishon/simple_bank/api/account.go:18.49,21.3 2 1
github.com/titusdishon/simple_bank/api/account.go:28.16,31.3 2 1
github.com/titusdishon/simple_bank/api/account.go:39.52,41.48 2 1
github.com/titusdishon/simple_bank/api/account.go:45.2,46.16 2 1
github.com/titusdishon/simple_bank/api/account.go:54.2,54.34 1 1
github.com/titusdishon/simple_bank/api/account.go:41.48,44.3 2 1
github.com/titusdishon/simple_bank/api/account.go:46.16,47.27 1 1
github.com/titusdishon/simple_bank/api/account.go:51.3,52.9 2 1
github.com/titusdishon/simple_bank/api/account.go:47.27,50.4 2 1
github.com/titusdishon/simple_bank/api/account.go:62.54,64.50 2 1
github.com/titusdishon/simple_bank/api/account.go:69.2,75.16 3 1
github.com/titusdishon/simple_bank/api/account.go:79.2,79.35 1 1
github.com/titusdishon/simple_bank/api/account.go:64.50,67.3 2 1
github.com/titusdishon/simple_bank/api/account.go:75.16,78.3 2 1
github.com/titusdishon/simple_bank/api/account.go:89.55,92.56 3 1
github.com/titusdishon/simple_bank/api/account.go:96.2,96.50 1 1
github.com/titusdishon/simple_bank/api/account.go:100.2,101.16 2 1
github.com/titusdishon/simple_bank/api/account.go:110.2,115.16 3 1
github.com/titusdishon/simple_bank/api/account.go:119.2,119.34 1 1
github.com/titusdishon/simple_bank/api/account.go:92.56,95.3 2 0
github.com/titusdishon/simple_bank/api/account.go:96.50,99.3 2 1
github.com/titusdishon/simple_bank/api/account.go:101.16,102.27 1 0
github.com/titusdishon/simple_bank/api/account.go:106.3,107.9 2 0
github.com/titusdishon/simple_bank/api/account.go:102.27,105.4 2 0
github.com/titusdishon/simple_bank/api/account.go:115.16,118.3 2 1
github.com/titusdishon/simple_bank/db/sqlc/account.sql.go:24.104,35.2 4 1
github.com/titusdishon/simple_bank/db/sqlc/account.sql.go:54.96,65.2 4 1
github.com/titusdishon/simple_bank/db/sqlc/account.sql.go:72.70,75.2 2 1
github.com/titusdishon/simple_bank/db/sqlc/account.sql.go:82.78,93.2 4 1
github.com/titusdishon/simple_bank/db/sqlc/account.sql.go:101.87,112.2 4 0
github.com/titusdishon/simple_bank/db/sqlc/account.sql.go:126.96,128.16 2 1
github.com/titusdishon/simple_bank/db/sqlc/account.sql.go:131.2,133.18 3 1
github.com/titusdishon/simple_bank/db/sqlc/account.sql.go:146.2,146.37 1 1
github.com/titusdishon/simple_bank/db/sqlc/account.sql.go:149.2,149.35 1 1
github.com/titusdishon/simple_bank/db/sqlc/account.sql.go:152.2,152.19 1 1
github.com/titusdishon/simple_bank/db/sqlc/account.sql.go:128.16,130.3 1 0
github.com/titusdishon/simple_bank/db/sqlc/account.sql.go:133.18,141.17 2 1
github.com/titusdishon/simple_bank/db/sqlc/account.sql.go:144.3,144.27 1 1
github.com/titusdishon/simple_bank/db/sqlc/account.sql.go:141.17,143.4 1 0
github.com/titusdishon/simple_bank/db/sqlc/account.sql.go:146.37,148.3 1 0
github.com/titusdishon/simple_bank/db/sqlc/account.sql.go:149.35,151.3 1 0
github.com/titusdishon/simple_bank/db/sqlc/account.sql.go:167.96,178.2 4 1
github.com/titusdishon/simple_bank/db/sqlc/db.go:19.28,21.2 1 1
github.com/titusdishon/simple_bank/db/sqlc/db.go:27.47,31.2 1 0
github.com/titusdishon/simple_bank/db/sqlc/entries.sql.go:27.90,37.2 4 1
github.com/titusdishon/simple_bank/db/sqlc/entries.sql.go:44.74,54.2 4 1
github.com/titusdishon/simple_bank/db/sqlc/entries.sql.go:68.92,70.16 2 1
github.com/titusdishon/simple_bank/db/sqlc/entries.sql.go:73.2,75.18 3 1
github.com/titusdishon/simple_bank/db/sqlc/entries.sql.go:87.2,87.37 1 1
github.com/titusdishon/simple_bank/db/sqlc/entries.sql.go:90.2,90.35 1 1
github.com/titusdishon/simple_bank/db/sqlc/entries.sql.go:93.2,93.19 1 1
github.com/titusdishon/simple_bank/db/sqlc/entries.sql.go:70.16,72.3 1 0
github.com/titusdishon/simple_bank/db/sqlc/entries.sql.go:75.18,82.17 2 1
github.com/titusdishon/simple_bank/db/sqlc/entries.sql.go:85.3,85.27 1 1
github.com/titusdishon/simple_bank/db/sqlc/entries.sql.go:82.17,84.4 1 0
github.com/titusdishon/simple_bank/db/sqlc/entries.sql.go:87.37,89.3 1 0
github.com/titusdishon/simple_bank/db/sqlc/entries.sql.go:90.35,92.3 1 0
github.com/titusdishon/simple_bank/db/sqlc/entries.sql.go:108.90,118.2 4 1
github.com/titusdishon/simple_bank/db/sqlc/store.go:22.33,27.2 1 1
github.com/titusdishon/simple_bank/db/sqlc/store.go:29.83,31.16 2 1
github.com/titusdishon/simple_bank/db/sqlc/store.go:34.2,36.16 3 1
github.com/titusdishon/simple_bank/db/sqlc/store.go:42.2,42.20 1 1
github.com/titusdishon/simple_bank/db/sqlc/store.go:31.16,33.3 1 0
github.com/titusdishon/simple_bank/db/sqlc/store.go:36.16,37.43 1 0
github.com/titusdishon/simple_bank/db/sqlc/store.go:40.3,40.13 1 0
github.com/titusdishon/simple_bank/db/sqlc/store.go:37.43,39.4 1 0
github.com/titusdishon/simple_bank/db/sqlc/store.go:59.104,61.50 2 1
github.com/titusdishon/simple_bank/db/sqlc/store.go:96.2,96.20 1 1
github.com/titusdishon/simple_bank/db/sqlc/store.go:61.50,68.17 3 1
github.com/titusdishon/simple_bank/db/sqlc/store.go:71.3,76.17 2 1
github.com/titusdishon/simple_bank/db/sqlc/store.go:79.3,83.17 2 1
github.com/titusdishon/simple_bank/db/sqlc/store.go:87.3,87.42 1 1
github.com/titusdishon/simple_bank/db/sqlc/store.go:94.3,94.13 1 1
github.com/titusdishon/simple_bank/db/sqlc/store.go:68.17,70.4 1 0
github.com/titusdishon/simple_bank/db/sqlc/store.go:76.17,78.4 1 0
github.com/titusdishon/simple_bank/db/sqlc/store.go:83.17,85.4 1 0
github.com/titusdishon/simple_bank/db/sqlc/store.go:87.42,89.4 1 1
github.com/titusdishon/simple_bank/db/sqlc/store.go:89.9,93.4 1 1
github.com/titusdishon/simple_bank/db/sqlc/store.go:107.51,112.16 2 1
github.com/titusdishon/simple_bank/db/sqlc/store.go:115.2,119.16 2 1
github.com/titusdishon/simple_bank/db/sqlc/store.go:122.2,122.8 1 1
github.com/titusdishon/simple_bank/db/sqlc/store.go:112.16,114.3 1 0
github.com/titusdishon/simple_bank/db/sqlc/store.go:119.16,121.3 1 0
github.com/titusdishon/simple_bank/db/sqlc/transfers.sql.go:29.99,40.2 4 1
github.com/titusdishon/simple_bank/db/sqlc/transfers.sql.go:47.80,58.2 4 1
github.com/titusdishon/simple_bank/db/sqlc/transfers.sql.go:72.99,74.16 2 1
github.com/titusdishon/simple_bank/db/sqlc/transfers.sql.go:77.2,79.18 3 1
github.com/titusdishon/simple_bank/db/sqlc/transfers.sql.go:92.2,92.37 1 1
github.com/titusdishon/simple_bank/db/sqlc/transfers.sql.go:95.2,95.35 1 1
github.com/titusdishon/simple_bank/db/sqlc/transfers.sql.go:98.2,98.19 1 1
github.com/titusdishon/simple_bank/db/sqlc/transfers.sql.go:74.16,76.3 1 0
github.com/titusdishon/simple_bank/db/sqlc/transfers.sql.go:79.18,87.17 2 1
github.com/titusdishon/simple_bank/db/sqlc/transfers.sql.go:90.3,90.27 1 1
github.com/titusdishon/simple_bank/db/sqlc/transfers.sql.go:87.17,89.4 1 0
github.com/titusdishon/simple_bank/db/sqlc/transfers.sql.go:92.37,94.3 1 0
github.com/titusdishon/simple_bank/db/sqlc/transfers.sql.go:95.35,97.3 1 0
